#
# There is insufficient memory for the Java Runtime Environment to continue.
# Native memory allocation (mmap) failed to map 65011712 bytes for G1 virtual space
# Possible reasons:
#   The system is out of physical RAM or swap space
#   The process is running with CompressedOops enabled, and the Java Heap may be blocking the growth of the native heap
# Possible solutions:
#   Reduce memory load on the system
#   Increase physical memory or swap space
#   Check if swap backing store is full
#   Decrease Java heap size (-Xmx/-Xms)
#   Decrease number of Java threads
#   Decrease Java thread stack sizes (-Xss)
#   Set larger code cache with -XX:ReservedCodeCacheSize=
#   JVM is running with Unscaled Compressed Oops mode in which the Java heap is
#     placed in the first 4GB address space. The Java Heap base address is the
#     maximum limit for the native heap growth. Please use -XX:HeapBaseMinAddress
#     to set the Java Heap base and to place the Java Heap above 4GB virtual address.
# This output file may be truncated or incomplete.
#
#  Out of Memory Error (os_windows.cpp:3548), pid=1032, tid=16308
#
# JRE version:  (17.0.12+8) (build )
# Java VM: Java HotSpot(TM) 64-Bit Server VM (17.0.12+8-LTS-286, mixed mode, emulated-client, sharing, tiered, compressed oops, compressed class ptrs, g1 gc, windows-amd64)
# No core dump will be written. Minidumps are not enabled by default on client versions of Windows
#

---------------  S U M M A R Y ------------

Command Line: -XX:TieredStopAtLevel=1 -Dspring.output.ansi.enabled=always -Dcom.sun.management.jmxremote -Dspring.jmx.enabled=true -Dspring.liveBeansView.mbeanDomain -Dspring.application.admin.enabled=true -Dmanagement.endpoints.jmx.exposure.include=* -javaagent:C:\Program Files\JetBrains\IntelliJ IDEA 2024.1.4\lib\idea_rt.jar=52048:C:\Program Files\JetBrains\IntelliJ IDEA 2024.1.4\bin -Dfile.encoding=UTF-8 pl.adrianpacholak.lessonservice.LessonServiceApplication

Host: Intel(R) Core(TM) i3-10110U CPU @ 2.10GHz, 4 cores, 3G,  Windows 11 , 64 bit Build 22621 (10.0.22621.3672)
Time: Sun Aug 11 23:34:11 2024 India Standard Time elapsed time: 0.155855 seconds (0d 0h 0m 0s)

---------------  T H R E A D  ---------------

Current thread (0x000002dac1438c10):  JavaThread "Unknown thread" [_thread_in_vm, id=16308, stack(0x000000fa53d00000,0x000000fa53e00000)]

Stack: [0x000000fa53d00000,0x000000fa53e00000]
Native frames: (J=compiled Java code, j=interpreted, Vv=VM code, C=native code)
V  [jvm.dll+0x67a04a]
V  [jvm.dll+0x7da4ed]
V  [jvm.dll+0x7dbe33]
V  [jvm.dll+0x7dc4a3]
V  [jvm.dll+0x24508f]
V  [jvm.dll+0x677089]
V  [jvm.dll+0x66bd32]
V  [jvm.dll+0x301fa6]
V  [jvm.dll+0x309546]
V  [jvm.dll+0x359d2e]
V  [jvm.dll+0x359f5f]
V  [jvm.dll+0x2d9078]
V  [jvm.dll+0x2d9fe4]
V  [jvm.dll+0x7aca21]
V  [jvm.dll+0x367591]
V  [jvm.dll+0x78b999]
V  [jvm.dll+0x3ec83f]
V  [jvm.dll+0x3ee471]
C  [jli.dll+0x5297]
C  [ucrtbase.dll+0x29333]
C  [KERNEL32.DLL+0x1257d]
C  [ntdll.dll+0x5af28]


---------------  P R O C E S S  ---------------

Threads class SMR info:
_java_thread_list=0x00007ff842e97a18, length=0, elements={
}

Java Threads: ( => current thread )

Other Threads:
  0x000002dac14764d0 GCTaskThread "GC Thread#0" [stack: 0x000000fa53e00000,0x000000fa53f00000] [id=5064]
  0x000002dac147ed20 ConcurrentGCThread "G1 Main Marker" [stack: 0x000000fa53f00000,0x000000fa54000000] [id=16424]
  0x000002dac147f630 ConcurrentGCThread "G1 Conc#0" [stack: 0x000000fa54000000,0x000000fa54100000] [id=20724]

[error occurred during error reporting (printing all threads), id 0xc0000005, EXCEPTION_ACCESS_VIOLATION (0xc0000005) at pc=0x00007ff8426c9b67]

VM state: not at safepoint (not fully initialized)

VM Mutex/Monitor currently owned by a thread:  ([mutex/lock_event])
[0x000002dac1435a50] Heap_lock - owner thread: 0x000002dac1438c10

Heap address: 0x00000000c3000000, size: 976 MB, Compressed Oops mode: 32-bit

CDS archive(s) mapped at: [0x0000000000000000-0x0000000000000000-0x0000000000000000), size 0, SharedBaseAddress: 0x0000000800000000, ArchiveRelocationMode: 1.
Narrow klass base: 0x0000000000000000, Narrow klass shift: 0, Narrow klass range: 0x0

GC Precious Log:
<Empty>

Heap:
 garbage-first heap   total 0K, used 0K [0x00000000c3000000, 0x0000000100000000)
  region size 1024K, 0 young (0K), 0 survivors (0K)

[error occurred during error reporting (printing heap information), id 0xc0000005, EXCEPTION_ACCESS_VIOLATION (0xc0000005) at pc=0x00007ff842ab3859]

GC Heap History (0 events):
No events

Deoptimization events (0 events):
No events

Classes unloaded (0 events):
No events

Classes redefined (0 events):
No events

Internal exceptions (0 events):
No events

VM Operations (0 events):
No events

Events (1 events):
Event: 0.118 Loaded shared library C:\Program Files\Java\jdk-17\bin\java.dll


Dynamic libraries:
0x00007ff774840000 - 0x00007ff774850000 	C:\Program Files\Java\jdk-17\bin\java.exe
0x00007ff88b490000 - 0x00007ff88b6a7000 	C:\WINDOWS\SYSTEM32\ntdll.dll
0x00007ff889da0000 - 0x00007ff889e64000 	C:\WINDOWS\System32\KERNEL32.DLL
0x00007ff888b20000 - 0x00007ff888ecd000 	C:\WINDOWS\System32\KERNELBASE.dll
0x00007ff888ed0000 - 0x00007ff888fe1000 	C:\WINDOWS\System32\ucrtbase.dll
0x00007ff881120000 - 0x00007ff881139000 	C:\Program Files\Java\jdk-17\bin\jli.dll
0x00007ff889e70000 - 0x00007ff889f22000 	C:\WINDOWS\System32\ADVAPI32.dll
0x00007ff88b390000 - 0x00007ff88b437000 	C:\WINDOWS\System32\msvcrt.dll
0x00007ff88a230000 - 0x00007ff88a2d9000 	C:\WINDOWS\System32\sechost.dll
0x00007ff888af0000 - 0x00007ff888b18000 	C:\WINDOWS\System32\bcrypt.dll
0x00007ff88a2e0000 - 0x00007ff88a3f4000 	C:\WINDOWS\System32\RPCRT4.dll
0x00007ff88a400000 - 0x00007ff88a5ae000 	C:\WINDOWS\System32\USER32.dll
0x00007ff8887c0000 - 0x00007ff8887e6000 	C:\WINDOWS\System32\win32u.dll
0x00007ff889d20000 - 0x00007ff889d49000 	C:\WINDOWS\System32\GDI32.dll
0x00007ff8889d0000 - 0x00007ff888ae9000 	C:\WINDOWS\System32\gdi32full.dll
0x00007ff888930000 - 0x00007ff8889ca000 	C:\WINDOWS\System32\msvcp_win.dll
0x00007ff881520000 - 0x00007ff88153b000 	C:\Program Files\Java\jdk-17\bin\VCRUNTIME140.dll
0x00007ff8776f0000 - 0x00007ff877983000 	C:\WINDOWS\WinSxS\amd64_microsoft.windows.common-controls_6595b64144ccf1df_6.0.22621.3672_none_2713b9d173822955\COMCTL32.dll
0x00007ff880d60000 - 0x00007ff880d6a000 	C:\WINDOWS\SYSTEM32\VERSION.dll
0x00007ff889bf0000 - 0x00007ff889c21000 	C:\WINDOWS\System32\IMM32.DLL
0x00007ff8844a0000 - 0x00007ff8844ac000 	C:\Program Files\Java\jdk-17\bin\vcruntime140_1.dll
0x00007ff871ed0000 - 0x00007ff871f5e000 	C:\Program Files\Java\jdk-17\bin\msvcp140.dll
0x00007ff8423e0000 - 0x00007ff842fc0000 	C:\Program Files\Java\jdk-17\bin\server\jvm.dll
0x00007ff88b440000 - 0x00007ff88b448000 	C:\WINDOWS\System32\PSAPI.DLL
0x00007ff8686f0000 - 0x00007ff8686f9000 	C:\WINDOWS\SYSTEM32\WSOCK32.dll
0x00007ff881770000 - 0x00007ff8817a4000 	C:\WINDOWS\SYSTEM32\WINMM.dll
0x00007ff88a0b0000 - 0x00007ff88a121000 	C:\WINDOWS\System32\WS2_32.dll
0x00007ff8877b0000 - 0x00007ff8877c8000 	C:\WINDOWS\SYSTEM32\kernel.appcore.dll
0x00007ff883920000 - 0x00007ff88392a000 	C:\Program Files\Java\jdk-17\bin\jimage.dll
0x00007ff885fe0000 - 0x00007ff886212000 	C:\WINDOWS\SYSTEM32\DBGHELP.DLL
0x00007ff889860000 - 0x00007ff889be8000 	C:\WINDOWS\System32\combase.dll
0x00007ff889780000 - 0x00007ff889857000 	C:\WINDOWS\System32\OLEAUT32.dll
0x00007ff879200000 - 0x00007ff879232000 	C:\WINDOWS\SYSTEM32\dbgcore.DLL
0x00007ff8888b0000 - 0x00007ff88892b000 	C:\WINDOWS\System32\bcryptPrimitives.dll
0x00007ff881ce0000 - 0x00007ff881cee000 	C:\Program Files\Java\jdk-17\bin\instrument.dll
0x00007ff87e9d0000 - 0x00007ff87e9f5000 	C:\Program Files\Java\jdk-17\bin\java.dll

dbghelp: loaded successfully - version: 4.0.5 - missing functions: none
symbol engine: initialized successfully - sym options: 0x614 - pdb path: .;C:\Program Files\Java\jdk-17\bin;C:\WINDOWS\SYSTEM32;C:\WINDOWS\WinSxS\amd64_microsoft.windows.common-controls_6595b64144ccf1df_6.0.22621.3672_none_2713b9d173822955;C:\Program Files\Java\jdk-17\bin\server

VM Arguments:
jvm_args: -XX:TieredStopAtLevel=1 -Dspring.output.ansi.enabled=always -Dcom.sun.management.jmxremote -Dspring.jmx.enabled=true -Dspring.liveBeansView.mbeanDomain -Dspring.application.admin.enabled=true -Dmanagement.endpoints.jmx.exposure.include=* -javaagent:C:\Program Files\JetBrains\IntelliJ IDEA 2024.1.4\lib\idea_rt.jar=52048:C:\Program Files\JetBrains\IntelliJ IDEA 2024.1.4\bin -Dfile.encoding=UTF-8 
java_command: pl.adrianpacholak.lessonservice.LessonServiceApplication
java_class_path (initial): C:\Users\Admin\IdeaProjects\microservices-school-master\lesson-service\target\classes;C:\Users\Admin\.m2\repository\org\springframework\boot\spring-boot-starter-actuator\3.1.4\spring-boot-starter-actuator-3.1.4.jar;C:\Users\Admin\.m2\repository\org\springframework\boot\spring-boot-starter\3.1.4\spring-boot-starter-3.1.4.jar;C:\Users\Admin\.m2\repository\org\springframework\boot\spring-boot\3.1.4\spring-boot-3.1.4.jar;C:\Users\Admin\.m2\repository\org\springframework\boot\spring-boot-autoconfigure\3.1.4\spring-boot-autoconfigure-3.1.4.jar;C:\Users\Admin\.m2\repository\org\springframework\boot\spring-boot-starter-logging\3.1.4\spring-boot-starter-logging-3.1.4.jar;C:\Users\Admin\.m2\repository\ch\qos\logback\logback-classic\1.4.11\logback-classic-1.4.11.jar;C:\Users\Admin\.m2\repository\ch\qos\logback\logback-core\1.4.11\logback-core-1.4.11.jar;C:\Users\Admin\.m2\repository\org\apache\logging\log4j\log4j-to-slf4j\2.20.0\log4j-to-slf4j-2.20.0.jar;C:\Users\Admin\.m2\repository\org\apache\logging\log4j\log4j-api\2.20.0\log4j-api-2.20.0.jar;C:\Users\Admin\.m2\repository\org\slf4j\jul-to-slf4j\2.0.9\jul-to-slf4j-2.0.9.jar;C:\Users\Admin\.m2\repository\jakarta\annotation\jakarta.annotation-api\2.1.1\jakarta.annotation-api-2.1.1.jar;C:\Users\Admin\.m2\repository\org\yaml\snakeyaml\1.33\snakeyaml-1.33.jar;C:\Users\Admin\.m2\repository\org\springframework\boot\spring-boot-actuator-autoconfigure\3.1.4\spring-boot-actuator-autoconfigure-3.1.4.jar;C:\Users\Admin\.m2\repository\org\springframework\boot\spring-boot-actuator\3.1.4\spring-boot-actuator-3.1.4.jar;C:\Users\Admin\.m2\repository\com\fasterxml\jackson\datatype\jackson-datatype-jsr310\2.15.2\jackson-datatype-jsr310-2.15.2.jar;C:\Users\Admin\.m2\repository\io\micrometer\micrometer-observation\1.11.4\micrometer-observation-1.11.4.jar;C:\Users\Admin\.m2\repository\io\micrometer\micrometer-commons\1.11.4\micrometer-commons-1.11.4.jar;C:\Users\Admin\.m2\repository\io\micrometer\micrometer-core\1.11.
Launcher Type: SUN_STANDARD

[Global flags]
     intx CICompilerCount                          = 3                                         {product} {ergonomic}
     uint ConcGCThreads                            = 1                                         {product} {ergonomic}
     uint G1ConcRefinementThreads                  = 4                                         {product} {ergonomic}
   size_t G1HeapRegionSize                         = 1048576                                   {product} {ergonomic}
    uintx GCDrainStackTargetSize                   = 64                                        {product} {ergonomic}
   size_t InitialHeapSize                          = 65011712                                  {product} {ergonomic}
     bool ManagementServer                         = true                                      {product} {command line}
   size_t MarkStackSize                            = 4194304                                   {product} {ergonomic}
   size_t MaxHeapSize                              = 1023410176                                {product} {ergonomic}
   size_t MinHeapDeltaBytes                        = 1048576                                   {product} {ergonomic}
   size_t MinHeapSize                              = 8388608                                   {product} {ergonomic}
    uintx NonProfiledCodeHeapSize                  = 0                                      {pd product} {ergonomic}
     bool ProfileInterpreter                       = false                                  {pd product} {command line}
    uintx ProfiledCodeHeapSize                     = 0                                      {pd product} {ergonomic}
   size_t SoftMaxHeapSize                          = 1023410176                             {manageable} {ergonomic}
     intx TieredStopAtLevel                        = 1                                         {product} {command line}
     bool UseCompressedClassPointers               = true                           {product lp64_product} {ergonomic}
     bool UseCompressedOops                        = true                           {product lp64_product} {ergonomic}
     bool UseG1GC                                  = true                                      {product} {ergonomic}
     bool UseLargePagesIndividualAllocation        = false                                  {pd product} {ergonomic}

Logging:
Log output configuration:
 #0: stdout all=warning uptime,level,tags
 #1: stderr all=off uptime,level,tags

Environment Variables:
JAVA_HOME=C:\Program Files\Java\jdk-17
PATH=C:\Program Files\Common Files\Oracle\Java\javapath;C:\WINDOWS\system32;C:\WINDOWS;C:\WINDOWS\System32\Wbem;C:\WINDOWS\System32\WindowsPowerShell\v1.0\;C:\WINDOWS\System32\OpenSSH\;C:\MinGW\bin;C:\Program Files\dotnet\;C:\Program Files\Docker\Docker\resources\bin;C:\Program Files\MySQL\MySQL Shell 8.0\bin\;C:\Users\Admin\AppData\Local\Programs\Python\Python39\Scripts\;C:\Users\Admin\AppData\Local\Programs\Python\Python39\;C:\Users\Admin\AppData\Local\Microsoft\WindowsApps;C:\Users\Admin\AppData\Local\Programs\Microsoft VS Code\bin;C:\Program Files\Java\jdk-17\bin;C:\Program Files\Git\bin;C:\Users\Admin\apache-maven-3.9.8\bin;
USERNAME=Admin
OS=Windows_NT
PROCESSOR_IDENTIFIER=Intel64 Family 6 Model 142 Stepping 12, GenuineIntel



---------------  S Y S T E M  ---------------

OS:
 Windows 11 , 64 bit Build 22621 (10.0.22621.3672)
OS uptime: 3 days 3:23 hours
Hyper-V role detected

CPU: total 4 (initial active 4) (2 cores per cpu, 2 threads per core) family 6 model 142 stepping 12 microcode 0xde, cx8, cmov, fxsr, ht, mmx, 3dnowpref, sse, sse2, sse3, ssse3, sse4.1, sse4.2, popcnt, lzcnt, tsc, tscinvbit, avx, avx2, aes, erms, clmul, bmi1, bmi2, adx, fma, vzeroupper, clflush, clflushopt, hv

Memory: 4k page, system-wide physical 3903M (310M free)
TotalPageFile size 15679M (AvailPageFile size 49M)
current process WorkingSet (physical memory assigned to process): 10M, peak: 10M
current process commit charge ("private bytes"): 46M, peak: 108M

vm_info: Java HotSpot(TM) 64-Bit Server VM (17.0.12+8-LTS-286) for windows-amd64 JRE (17.0.12+8-LTS-286), built on Jun  5 2024 06:46:59 by "mach5one" with MS VC++ 17.6 (VS2022)

END.
