#
# There is insufficient memory for the Java Runtime Environment to continue.
# Native memory allocation (mmap) failed to map 48234496 bytes for G1 virtual space
# Possible reasons:
#   The system is out of physical RAM or swap space
#   The process is running with CompressedOops enabled, and the Java Heap may be blocking the growth of the native heap
# Possible solutions:
#   Reduce memory load on the system
#   Increase physical memory or swap space
#   Check if swap backing store is full
#   Decrease Java heap size (-Xmx/-Xms)
#   Decrease number of Java threads
#   Decrease Java thread stack sizes (-Xss)
#   Set larger code cache with -XX:ReservedCodeCacheSize=
#   JVM is running with Unscaled Compressed Oops mode in which the Java heap is
#     placed in the first 4GB address space. The Java Heap base address is the
#     maximum limit for the native heap growth. Please use -XX:HeapBaseMinAddress
#     to set the Java Heap base and to place the Java Heap above 4GB virtual address.
# This output file may be truncated or incomplete.
#
#  Out of Memory Error (os_windows.cpp:3548), pid=10628, tid=812
#
# JRE version: Java(TM) SE Runtime Environment (17.0.12+8) (build 17.0.12+8-LTS-286)
# Java VM: Java HotSpot(TM) 64-Bit Server VM (17.0.12+8-LTS-286, mixed mode, emulated-client, sharing, tiered, compressed oops, compressed class ptrs, g1 gc, windows-amd64)
# No core dump will be written. Minidumps are not enabled by default on client versions of Windows
#

---------------  S U M M A R Y ------------

Command Line: -XX:TieredStopAtLevel=1 -Dspring.output.ansi.enabled=always -Dcom.sun.management.jmxremote -Dspring.jmx.enabled=true -Dspring.liveBeansView.mbeanDomain -Dspring.application.admin.enabled=true -Dmanagement.endpoints.jmx.exposure.include=* -javaagent:C:\Program Files\JetBrains\IntelliJ IDEA 2024.1.4\lib\idea_rt.jar=51914:C:\Program Files\JetBrains\IntelliJ IDEA 2024.1.4\bin -Dfile.encoding=UTF-8 pl.adrianpacholak.eurekaserver.EurekaServerApplication

Host: Intel(R) Core(TM) i3-10110U CPU @ 2.10GHz, 4 cores, 3G,  Windows 11 , 64 bit Build 22621 (10.0.22621.3672)
Time: Sun Aug 11 23:30:16 2024 India Standard Time elapsed time: 8.774392 seconds (0d 0h 0m 8s)

---------------  T H R E A D  ---------------

Current thread (0x0000020437f7b0b0):  VMThread "VM Thread" [stack: 0x00000089c4b00000,0x00000089c4c00000] [id=812]

Stack: [0x00000089c4b00000,0x00000089c4c00000]
Native frames: (J=compiled Java code, j=interpreted, Vv=VM code, C=native code)
V  [jvm.dll+0x67a04a]
V  [jvm.dll+0x7da4ed]
V  [jvm.dll+0x7dbe33]
V  [jvm.dll+0x7dc4a3]
V  [jvm.dll+0x24508f]
V  [jvm.dll+0x677089]
V  [jvm.dll+0x66bd32]
V  [jvm.dll+0x301fa6]
V  [jvm.dll+0x309546]
V  [jvm.dll+0x359d2e]
V  [jvm.dll+0x359f5f]
V  [jvm.dll+0x2d9078]
V  [jvm.dll+0x2d74ad]
V  [jvm.dll+0x2d6afc]
V  [jvm.dll+0x31a65b]
V  [jvm.dll+0x7e0d9b]
V  [jvm.dll+0x7e1ad4]
V  [jvm.dll+0x7e1fed]
V  [jvm.dll+0x7e23c4]
V  [jvm.dll+0x7e2490]
V  [jvm.dll+0x78abea]
V  [jvm.dll+0x678f35]
C  [ucrtbase.dll+0x29333]
C  [KERNEL32.DLL+0x1257d]
C  [ntdll.dll+0x5af28]

VM_Operation (0x00000089c45fa110): G1CollectForAllocation, mode: safepoint, requested by thread 0x0000020437ec49c0


---------------  P R O C E S S  ---------------

Threads class SMR info:
_java_thread_list=0x000002048c9036a0, length=18, elements={
0x0000020437ec49c0, 0x0000020446e21480, 0x0000020446e22300, 0x0000020446e31b60,
0x0000020446e331f0, 0x0000020446e36cd0, 0x0000020446e37690, 0x0000020446e38910,
0x0000020446e39ab0, 0x0000020437f6ddd0, 0x000002048c0ac270, 0x000002048c5833a0,
0x000002048c3fe5c0, 0x000002048c6b3430, 0x000002048d1290a0, 0x000002048d13af10,
0x000002048d346df0, 0x000002048d34a690
}

Java Threads: ( => current thread )
  0x0000020437ec49c0 JavaThread "main" [_thread_blocked, id=10152, stack(0x00000089c4500000,0x00000089c4600000)]
  0x0000020446e21480 JavaThread "Reference Handler" daemon [_thread_blocked, id=12940, stack(0x00000089c4c00000,0x00000089c4d00000)]
  0x0000020446e22300 JavaThread "Finalizer" daemon [_thread_blocked, id=12244, stack(0x00000089c4d00000,0x00000089c4e00000)]
  0x0000020446e31b60 JavaThread "Signal Dispatcher" daemon [_thread_blocked, id=17512, stack(0x00000089c4e00000,0x00000089c4f00000)]
  0x0000020446e331f0 JavaThread "Attach Listener" daemon [_thread_blocked, id=11704, stack(0x00000089c4f00000,0x00000089c5000000)]
  0x0000020446e36cd0 JavaThread "Service Thread" daemon [_thread_blocked, id=21736, stack(0x00000089c5000000,0x00000089c5100000)]
  0x0000020446e37690 JavaThread "Monitor Deflation Thread" daemon [_thread_blocked, id=4976, stack(0x00000089c5100000,0x00000089c5200000)]
  0x0000020446e38910 JavaThread "C1 CompilerThread0" daemon [_thread_blocked, id=13432, stack(0x00000089c5200000,0x00000089c5300000)]
  0x0000020446e39ab0 JavaThread "Sweeper thread" daemon [_thread_blocked, id=20020, stack(0x00000089c5300000,0x00000089c5400000)]
  0x0000020437f6ddd0 JavaThread "Common-Cleaner" daemon [_thread_blocked, id=1620, stack(0x00000089c5400000,0x00000089c5500000)]
  0x000002048c0ac270 JavaThread "C1 CompilerThread1" daemon [_thread_blocked, id=14604, stack(0x00000089c5500000,0x00000089c5600000)]
  0x000002048c5833a0 JavaThread "Monitor Ctrl-Break" daemon [_thread_in_native, id=2944, stack(0x00000089c5600000,0x00000089c5700000)]
  0x000002048c3fe5c0 JavaThread "Notification Thread" daemon [_thread_blocked, id=19052, stack(0x00000089c5700000,0x00000089c5800000)]
  0x000002048c6b3430 JavaThread "RMI TCP Accept-0" daemon [_thread_in_native, id=10660, stack(0x00000089c5c00000,0x00000089c5d00000)]
  0x000002048d1290a0 JavaThread "RMI TCP Connection(1)-192.168.29.50" daemon [_thread_blocked, id=9900, stack(0x00000089c6000000,0x00000089c6100000)]
  0x000002048d13af10 JavaThread "RMI Scheduler(0)" daemon [_thread_blocked, id=19224, stack(0x00000089c5e00000,0x00000089c5f00000)]
  0x000002048d346df0 JavaThread "Keep-Alive-Timer" daemon [_thread_blocked, id=12108, stack(0x00000089c6100000,0x00000089c6200000)]
  0x000002048d34a690 JavaThread "C1 CompilerThread2" daemon [_thread_blocked, id=6372, stack(0x00000089c6200000,0x00000089c6300000)]

Other Threads:
=>0x0000020437f7b0b0 VMThread "VM Thread" [stack: 0x00000089c4b00000,0x00000089c4c00000] [id=812]
  0x000002048c134fc0 WatcherThread [stack: 0x00000089c5d00000,0x00000089c5e00000] [id=11732]
  0x0000020437f005a0 GCTaskThread "GC Thread#0" [stack: 0x00000089c4600000,0x00000089c4700000] [id=20640]
  0x000002048c705940 GCTaskThread "GC Thread#1" [stack: 0x00000089c5800000,0x00000089c5900000] [id=11168]
  0x000002048c6e5800 GCTaskThread "GC Thread#2" [stack: 0x00000089c5900000,0x00000089c5a00000] [id=17128]
  0x000002048c6d4060 GCTaskThread "GC Thread#3" [stack: 0x00000089c5a00000,0x00000089c5b00000] [id=5652]
  0x0000020437f08ef0 ConcurrentGCThread "G1 Main Marker" [stack: 0x00000089c4700000,0x00000089c4800000] [id=20316]
  0x0000020437f0a910 ConcurrentGCThread "G1 Conc#0" [stack: 0x00000089c4800000,0x00000089c4900000] [id=1444]
  0x0000020437f474d0 ConcurrentGCThread "G1 Refine#0" [stack: 0x00000089c4900000,0x00000089c4a00000] [id=21948]
  0x000002048c7788a0 ConcurrentGCThread "G1 Refine#1" [stack: 0x00000089c5b00000,0x00000089c5c00000] [id=13172]
  0x0000020437f486a0 ConcurrentGCThread "G1 Service" [stack: 0x00000089c4a00000,0x00000089c4b00000] [id=23292]

Threads with active compile tasks:

VM state: at safepoint (normal execution)

VM Mutex/Monitor currently owned by a thread:  ([mutex/lock_event])
[0x0000020437ec10e0] Threads_lock - owner thread: 0x0000020437f7b0b0
[0x0000020437ec20a0] Heap_lock - owner thread: 0x0000020437ec49c0

Heap address: 0x00000000c3000000, size: 976 MB, Compressed Oops mode: 32-bit

CDS archive(s) mapped at: [0x0000020447000000-0x0000020447bd0000-0x0000020447bd0000), size 12386304, SharedBaseAddress: 0x0000020447000000, ArchiveRelocationMode: 1.
Compressed class space mapped at: 0x0000020448000000-0x0000020488000000, reserved size: 1073741824
Narrow klass base: 0x0000020447000000, Narrow klass shift: 0, Narrow klass range: 0x100000000

GC Precious Log:
 CPUs: 4 total, 4 available
 Memory: 3903M
 Large Page Support: Disabled
 NUMA Support: Disabled
 Compressed Oops: Enabled (32-bit)
 Heap Region Size: 1M
 Heap Min Capacity: 8M
 Heap Initial Capacity: 62M
 Heap Max Capacity: 976M
 Pre-touch: Disabled
 Parallel Workers: 4
 Concurrent Workers: 1
 Concurrent Refinement Workers: 4
 Periodic GC: Disabled

Heap:
 garbage-first heap   total 63488K, used 19411K [0x00000000c3000000, 0x0000000100000000)
  region size 1024K, 3 young (3072K), 3 survivors (3072K)
 Metaspace       used 28462K, committed 28864K, reserved 1114112K
  class space    used 3925K, committed 4096K, reserved 1048576K

Heap Regions: E=young(eden), S=young(survivor), O=old, HS=humongous(starts), HC=humongous(continues), CS=collection set, F=free, OA=open archive, CA=closed archive, TAMS=top-at-mark-start (previous, next)
|   0|0x00000000c3000000, 0x00000000c3100000, 0x00000000c3100000|100%|HS|  |TAMS 0x00000000c3100000, 0x00000000c3000000| Complete 
|   1|0x00000000c3100000, 0x00000000c3200000, 0x00000000c3200000|100%| O|  |TAMS 0x00000000c3200000, 0x00000000c3100000| Untracked 
|   2|0x00000000c3200000, 0x00000000c3300000, 0x00000000c3300000|100%| O|  |TAMS 0x00000000c3300000, 0x00000000c3200000| Untracked 
|   3|0x00000000c3300000, 0x00000000c3400000, 0x00000000c3400000|100%| O|  |TAMS 0x00000000c3400000, 0x00000000c3300000| Untracked 
|   4|0x00000000c3400000, 0x00000000c3500000, 0x00000000c3500000|100%| O|  |TAMS 0x00000000c3500000, 0x00000000c3400000| Untracked 
|   5|0x00000000c3500000, 0x00000000c3600000, 0x00000000c3600000|100%| O|  |TAMS 0x00000000c3600000, 0x00000000c3500000| Untracked 
|   6|0x00000000c3600000, 0x00000000c3700000, 0x00000000c3700000|100%| O|  |TAMS 0x00000000c3700000, 0x00000000c3600000| Untracked 
|   7|0x00000000c3700000, 0x00000000c3800000, 0x00000000c3800000|100%| O|  |TAMS 0x00000000c3800000, 0x00000000c3700000| Untracked 
|   8|0x00000000c3800000, 0x00000000c3900000, 0x00000000c3900000|100%| O|  |TAMS 0x00000000c3847a00, 0x00000000c3800000| Untracked 
|   9|0x00000000c3900000, 0x00000000c39cf000, 0x00000000c3a00000| 80%| O|  |TAMS 0x00000000c3900000, 0x00000000c3900000| Untracked 
|  10|0x00000000c3a00000, 0x00000000c3b00000, 0x00000000c3b00000|100%| O|  |TAMS 0x00000000c3a00000, 0x00000000c3a00000| Untracked 
|  11|0x00000000c3b00000, 0x00000000c3c00000, 0x00000000c3c00000|100%| O|  |TAMS 0x00000000c3b00000, 0x00000000c3b00000| Untracked 
|  12|0x00000000c3c00000, 0x00000000c3d00000, 0x00000000c3d00000|100%| O|  |TAMS 0x00000000c3c00000, 0x00000000c3c00000| Untracked 
|  13|0x00000000c3d00000, 0x00000000c3e00000, 0x00000000c3e00000|100%| O|  |TAMS 0x00000000c3d00000, 0x00000000c3d00000| Untracked 
|  14|0x00000000c3e00000, 0x00000000c3f00000, 0x00000000c3f00000|100%| O|  |TAMS 0x00000000c3e00000, 0x00000000c3e00000| Untracked 
|  15|0x00000000c3f00000, 0x00000000c4000000, 0x00000000c4000000|100%| O|  |TAMS 0x00000000c3f00000, 0x00000000c3f00000| Untracked 
|  16|0x00000000c4000000, 0x00000000c4100000, 0x00000000c4100000|100%| O|  |TAMS 0x00000000c4000000, 0x00000000c4000000| Untracked 
|  17|0x00000000c4100000, 0x00000000c4100000, 0x00000000c4200000|  0%| F|  |TAMS 0x00000000c4100000, 0x00000000c4100000| Untracked 
|  18|0x00000000c4200000, 0x00000000c4200000, 0x00000000c4300000|  0%| F|  |TAMS 0x00000000c4200000, 0x00000000c4200000| Untracked 
|  19|0x00000000c4300000, 0x00000000c4300000, 0x00000000c4400000|  0%| F|  |TAMS 0x00000000c4300000, 0x00000000c4300000| Untracked 
|  20|0x00000000c4400000, 0x00000000c4400000, 0x00000000c4500000|  0%| F|  |TAMS 0x00000000c4400000, 0x00000000c4400000| Untracked 
|  21|0x00000000c4500000, 0x00000000c4500000, 0x00000000c4600000|  0%| F|  |TAMS 0x00000000c4500000, 0x00000000c4500000| Untracked 
|  22|0x00000000c4600000, 0x00000000c4600000, 0x00000000c4700000|  0%| F|  |TAMS 0x00000000c4600000, 0x00000000c4600000| Untracked 
|  23|0x00000000c4700000, 0x00000000c4700000, 0x00000000c4800000|  0%| F|  |TAMS 0x00000000c4700000, 0x00000000c4700000| Untracked 
|  24|0x00000000c4800000, 0x00000000c4800000, 0x00000000c4900000|  0%| F|  |TAMS 0x00000000c4800000, 0x00000000c4800000| Untracked 
|  25|0x00000000c4900000, 0x00000000c4900000, 0x00000000c4a00000|  0%| F|  |TAMS 0x00000000c4900000, 0x00000000c4900000| Untracked 
|  26|0x00000000c4a00000, 0x00000000c4a00000, 0x00000000c4b00000|  0%| F|  |TAMS 0x00000000c4a00000, 0x00000000c4a00000| Untracked 
|  27|0x00000000c4b00000, 0x00000000c4b25e60, 0x00000000c4c00000| 14%| S|CS|TAMS 0x00000000c4b00000, 0x00000000c4b00000| Complete 
|  28|0x00000000c4c00000, 0x00000000c4d00000, 0x00000000c4d00000|100%| S|CS|TAMS 0x00000000c4c00000, 0x00000000c4c00000| Complete 
|  29|0x00000000c4d00000, 0x00000000c4d00000, 0x00000000c4e00000|  0%| F|  |TAMS 0x00000000c4d00000, 0x00000000c4d00000| Untracked 
|  30|0x00000000c4e00000, 0x00000000c4e00000, 0x00000000c4f00000|  0%| F|  |TAMS 0x00000000c4e00000, 0x00000000c4e00000| Untracked 
|  31|0x00000000c4f00000, 0x00000000c5000000, 0x00000000c5000000|100%| S|CS|TAMS 0x00000000c4f00000, 0x00000000c4f00000| Complete 
|  32|0x00000000c5000000, 0x00000000c5000000, 0x00000000c5100000|  0%| F|  |TAMS 0x00000000c5000000, 0x00000000c5000000| Untracked 
|  33|0x00000000c5100000, 0x00000000c5100000, 0x00000000c5200000|  0%| F|  |TAMS 0x00000000c5100000, 0x00000000c5100000| Untracked 
|  34|0x00000000c5200000, 0x00000000c5200000, 0x00000000c5300000|  0%| F|  |TAMS 0x00000000c5200000, 0x00000000c5200000| Untracked 
|  35|0x00000000c5300000, 0x00000000c5300000, 0x00000000c5400000|  0%| F|  |TAMS 0x00000000c5300000, 0x00000000c5300000| Untracked 
|  36|0x00000000c5400000, 0x00000000c5400000, 0x00000000c5500000|  0%| F|  |TAMS 0x00000000c5400000, 0x00000000c5400000| Untracked 
|  37|0x00000000c5500000, 0x00000000c5500000, 0x00000000c5600000|  0%| F|  |TAMS 0x00000000c5500000, 0x00000000c5500000| Untracked 
|  38|0x00000000c5600000, 0x00000000c5600000, 0x00000000c5700000|  0%| F|  |TAMS 0x00000000c5600000, 0x00000000c5600000| Untracked 
|  39|0x00000000c5700000, 0x00000000c5700000, 0x00000000c5800000|  0%| F|  |TAMS 0x00000000c5700000, 0x00000000c5700000| Untracked 
|  40|0x00000000c5800000, 0x00000000c5800000, 0x00000000c5900000|  0%| F|  |TAMS 0x00000000c5800000, 0x00000000c5800000| Untracked 
|  41|0x00000000c5900000, 0x00000000c5900000, 0x00000000c5a00000|  0%| F|  |TAMS 0x00000000c5900000, 0x00000000c5900000| Untracked 
|  42|0x00000000c5a00000, 0x00000000c5a00000, 0x00000000c5b00000|  0%| F|  |TAMS 0x00000000c5a00000, 0x00000000c5a00000| Untracked 
|  43|0x00000000c5b00000, 0x00000000c5b00000, 0x00000000c5c00000|  0%| F|  |TAMS 0x00000000c5b00000, 0x00000000c5b00000| Untracked 
|  44|0x00000000c5c00000, 0x00000000c5c00000, 0x00000000c5d00000|  0%| F|  |TAMS 0x00000000c5c00000, 0x00000000c5c00000| Untracked 
|  45|0x00000000c5d00000, 0x00000000c5d00000, 0x00000000c5e00000|  0%| F|  |TAMS 0x00000000c5d00000, 0x00000000c5d00000| Untracked 
|  46|0x00000000c5e00000, 0x00000000c5e00000, 0x00000000c5f00000|  0%| F|  |TAMS 0x00000000c5e00000, 0x00000000c5e00000| Untracked 
|  47|0x00000000c5f00000, 0x00000000c5f00000, 0x00000000c6000000|  0%| F|  |TAMS 0x00000000c5f00000, 0x00000000c5f00000| Untracked 
|  48|0x00000000c6000000, 0x00000000c6000000, 0x00000000c6100000|  0%| F|  |TAMS 0x00000000c6000000, 0x00000000c6000000| Untracked 
|  49|0x00000000c6100000, 0x00000000c6100000, 0x00000000c6200000|  0%| F|  |TAMS 0x00000000c6100000, 0x00000000c6100000| Untracked 
|  50|0x00000000c6200000, 0x00000000c6200000, 0x00000000c6300000|  0%| F|  |TAMS 0x00000000c6200000, 0x00000000c6200000| Untracked 
|  51|0x00000000c6300000, 0x00000000c6300000, 0x00000000c6400000|  0%| F|  |TAMS 0x00000000c6300000, 0x00000000c6300000| Untracked 
|  52|0x00000000c6400000, 0x00000000c6400000, 0x00000000c6500000|  0%| F|  |TAMS 0x00000000c6400000, 0x00000000c6400000| Untracked 
|  53|0x00000000c6500000, 0x00000000c6500000, 0x00000000c6600000|  0%| F|  |TAMS 0x00000000c6500000, 0x00000000c6500000| Untracked 
|  54|0x00000000c6600000, 0x00000000c6600000, 0x00000000c6700000|  0%| F|  |TAMS 0x00000000c6600000, 0x00000000c6600000| Untracked 
|  55|0x00000000c6700000, 0x00000000c6700000, 0x00000000c6800000|  0%| F|  |TAMS 0x00000000c6700000, 0x00000000c6700000| Untracked 
|  56|0x00000000c6800000, 0x00000000c6800000, 0x00000000c6900000|  0%| F|  |TAMS 0x00000000c6800000, 0x00000000c6800000| Untracked 
|  57|0x00000000c6900000, 0x00000000c6900000, 0x00000000c6a00000|  0%| F|  |TAMS 0x00000000c6900000, 0x00000000c6900000| Untracked 
|  58|0x00000000c6a00000, 0x00000000c6a00000, 0x00000000c6b00000|  0%| F|  |TAMS 0x00000000c6a00000, 0x00000000c6a00000| Untracked 
|  59|0x00000000c6b00000, 0x00000000c6b00000, 0x00000000c6c00000|  0%| F|  |TAMS 0x00000000c6b00000, 0x00000000c6b00000| Untracked 
|  60|0x00000000c6c00000, 0x00000000c6c00000, 0x00000000c6d00000|  0%| F|  |TAMS 0x00000000c6c00000, 0x00000000c6c00000| Untracked 
|  61|0x00000000c6d00000, 0x00000000c6d00000, 0x00000000c6e00000|  0%| F|  |TAMS 0x00000000c6d00000, 0x00000000c6d00000| Untracked 

Card table byte_map: [0x0000020442770000,0x0000020442960000] _byte_map_base: 0x0000020442158000

Marking Bits (Prev, Next): (CMBitMap*) 0x0000020437f00c00, (CMBitMap*) 0x0000020437f00bc0
 Prev Bits: [0x0000020443a90000, 0x00000204449d0000)
 Next Bits: [0x0000020442b50000, 0x0000020443a90000)

Polling page: 0x0000020435df0000

Metaspace:

Usage:
  Non-class:     23.96 MB used.
      Class:      3.83 MB used.
       Both:     27.80 MB used.

Virtual space:
  Non-class space:       64.00 MB reserved,      24.19 MB ( 38%) committed,  1 nodes.
      Class space:        1.00 GB reserved,       4.00 MB ( <1%) committed,  1 nodes.
             Both:        1.06 GB reserved,      28.19 MB (  3%) committed. 

Chunk freelists:
   Non-Class:  7.03 MB
       Class:  11.95 MB
        Both:  18.98 MB

MaxMetaspaceSize: unlimited
CompressedClassSpaceSize: 1.00 GB
Initial GC threshold: 21.00 MB
Current GC threshold: 35.56 MB
CDS: on
MetaspaceReclaimPolicy: balanced
 - commit_granule_bytes: 65536.
 - commit_granule_words: 8192.
 - virtual_space_node_default_size: 8388608.
 - enlarge_chunks_in_place: 1.
 - new_chunks_are_fully_committed: 0.
 - uncommit_free_chunks: 1.
 - use_allocation_guard: 0.
 - handle_deallocations: 1.


Internal statistics:

num_allocs_failed_limit: 7.
num_arena_births: 516.
num_arena_deaths: 0.
num_vsnodes_births: 2.
num_vsnodes_deaths: 0.
num_space_committed: 451.
num_space_uncommitted: 0.
num_chunks_returned_to_freelist: 7.
num_chunks_taken_from_freelist: 1500.
num_chunk_merges: 7.
num_chunk_splits: 1035.
num_chunks_enlarged: 751.
num_inconsistent_stats: 0.

CodeCache: size=49152Kb used=8116Kb max_used=8116Kb free=41035Kb
 bounds [0x000002043f770000, 0x000002043ff60000, 0x0000020442770000]
 total_blobs=4243 nmethods=3718 adapters=449
 compilation: enabled
              stopped_count=0, restarted_count=0
 full_count=0

Compilation events (20 events):
Event: 8.707 Thread 0x000002048d34a690 nmethod 3707 0x000002043ff59a10 code [0x000002043ff59ba0, 0x000002043ff59c88]
Event: 8.707 Thread 0x000002048d34a690 3710       1       org.springframework.util.ClassUtils::isOverridable (61 bytes)
Event: 8.707 Thread 0x000002048c0ac270 nmethod 3709 0x000002043ff59d10 code [0x000002043ff59ea0, 0x000002043ff59fe8]
Event: 8.708 Thread 0x000002048d34a690 nmethod 3710 0x000002043ff5a190 code [0x000002043ff5a3e0, 0x000002043ff5aa28]
Event: 8.712 Thread 0x000002048c0ac270 3711       1       java.nio.CharBuffer::arrayOffset (35 bytes)
Event: 8.713 Thread 0x000002048c0ac270 nmethod 3711 0x000002043ff5ae10 code [0x000002043ff5afc0, 0x000002043ff5b198]
Event: 8.731 Thread 0x000002048d34a690 3712       1       java.lang.invoke.MethodHandles::insertArguments (98 bytes)
Event: 8.731 Thread 0x000002048c0ac270 3713       1       java.lang.invoke.MethodHandles::insertArgumentsChecks (51 bytes)
Event: 8.732 Thread 0x000002048c0ac270 nmethod 3713 0x000002043ff5b290 code [0x000002043ff5b440, 0x000002043ff5b658]
Event: 8.732 Thread 0x000002048d34a690 nmethod 3712 0x000002043ff5b810 code [0x000002043ff5ba20, 0x000002043ff5bea8]
Event: 8.737 Thread 0x0000020446e38910 3714       1       java.util.Locale::getLanguage (8 bytes)
Event: 8.737 Thread 0x0000020446e38910 nmethod 3714 0x000002043ff5c210 code [0x000002043ff5c3a0, 0x000002043ff5c478]
Event: 8.744 Thread 0x000002048c0ac270 3715       1       java.nio.CharBuffer::position (8 bytes)
Event: 8.744 Thread 0x000002048d34a690 3716       1       java.nio.ByteBuffer::array (35 bytes)
Event: 8.744 Thread 0x000002048c0ac270 nmethod 3715 0x000002043ff5c510 code [0x000002043ff5c6a0, 0x000002043ff5c788]
Event: 8.745 Thread 0x000002048d34a690 nmethod 3716 0x000002043ff5c810 code [0x000002043ff5c9c0, 0x000002043ff5cb98]
Event: 8.745 Thread 0x000002048c0ac270 3717       1       java.nio.CharBuffer::position (6 bytes)
Event: 8.745 Thread 0x000002048c0ac270 nmethod 3717 0x000002043ff5cc90 code [0x000002043ff5ce20, 0x000002043ff5cf08]
Event: 8.760 Thread 0x0000020446e38910 3718       1       java.util.logging.LogManager$LoggerContext::requiresDefaultLoggers (29 bytes)
Event: 8.761 Thread 0x0000020446e38910 nmethod 3718 0x000002043ff5cf90 code [0x000002043ff5d120, 0x000002043ff5d248]

GC Heap History (17 events):
Event: 1.914 GC heap before
{Heap before GC invocations=0 (full 0):
 garbage-first heap   total 63488K, used 14336K [0x00000000c3000000, 0x0000000100000000)
  region size 1024K, 13 young (13312K), 0 survivors (0K)
 Metaspace       used 3991K, committed 4096K, reserved 1114112K
  class space    used 492K, committed 512K, reserved 1048576K
}
Event: 1.927 GC heap after
{Heap after GC invocations=1 (full 0):
 garbage-first heap   total 63488K, used 7200K [0x00000000c3000000, 0x0000000100000000)
  region size 1024K, 2 young (2048K), 2 survivors (2048K)
 Metaspace       used 3991K, committed 4096K, reserved 1114112K
  class space    used 492K, committed 512K, reserved 1048576K
}
Event: 2.519 GC heap before
{Heap before GC invocations=1 (full 0):
 garbage-first heap   total 63488K, used 14368K [0x00000000c3000000, 0x0000000100000000)
  region size 1024K, 9 young (9216K), 2 survivors (2048K)
 Metaspace       used 6200K, committed 6400K, reserved 1114112K
  class space    used 756K, committed 832K, reserved 1048576K
}
Event: 2.526 GC heap after
{Heap after GC invocations=2 (full 0):
 garbage-first heap   total 63488K, used 8546K [0x00000000c3000000, 0x0000000100000000)
  region size 1024K, 2 young (2048K), 2 survivors (2048K)
 Metaspace       used 6200K, committed 6400K, reserved 1114112K
  class space    used 756K, committed 832K, reserved 1048576K
}
Event: 3.770 GC heap before
{Heap before GC invocations=2 (full 0):
 garbage-first heap   total 63488K, used 26978K [0x00000000c3000000, 0x0000000100000000)
  region size 1024K, 20 young (20480K), 2 survivors (2048K)
 Metaspace       used 9834K, committed 10112K, reserved 1114112K
  class space    used 1298K, committed 1472K, reserved 1048576K
}
Event: 3.776 GC heap after
{Heap after GC invocations=3 (full 0):
 garbage-first heap   total 63488K, used 9687K [0x00000000c3000000, 0x0000000100000000)
  region size 1024K, 3 young (3072K), 3 survivors (3072K)
 Metaspace       used 9834K, committed 10112K, reserved 1114112K
  class space    used 1298K, committed 1472K, reserved 1048576K
}
Event: 5.170 GC heap before
{Heap before GC invocations=3 (full 0):
 garbage-first heap   total 63488K, used 38359K [0x00000000c3000000, 0x0000000100000000)
  region size 1024K, 31 young (31744K), 3 survivors (3072K)
 Metaspace       used 16111K, committed 16320K, reserved 1114112K
  class space    used 2077K, committed 2176K, reserved 1048576K
}
Event: 5.179 GC heap after
{Heap after GC invocations=4 (full 0):
 garbage-first heap   total 63488K, used 11540K [0x00000000c3000000, 0x0000000100000000)
  region size 1024K, 3 young (3072K), 3 survivors (3072K)
 Metaspace       used 16111K, committed 16320K, reserved 1114112K
  class space    used 2077K, committed 2176K, reserved 1048576K
}
Event: 7.303 GC heap before
{Heap before GC invocations=4 (full 0):
 garbage-first heap   total 63488K, used 40212K [0x00000000c3000000, 0x0000000100000000)
  region size 1024K, 32 young (32768K), 3 survivors (3072K)
 Metaspace       used 21291K, committed 21504K, reserved 1114112K
  class space    used 2844K, committed 2944K, reserved 1048576K
}
Event: 7.310 GC heap after
{Heap after GC invocations=5 (full 0):
 garbage-first heap   total 63488K, used 13374K [0x00000000c3000000, 0x0000000100000000)
  region size 1024K, 4 young (4096K), 4 survivors (4096K)
 Metaspace       used 21291K, committed 21504K, reserved 1114112K
  class space    used 2844K, committed 2944K, reserved 1048576K
}
Event: 7.818 GC heap before
{Heap before GC invocations=6 (full 0):
 garbage-first heap   total 55296K, used 42046K [0x00000000c3000000, 0x0000000100000000)
  region size 1024K, 32 young (32768K), 4 survivors (4096K)
 Metaspace       used 22903K, committed 23232K, reserved 1114112K
  class space    used 3054K, committed 3200K, reserved 1048576K
}
Event: 7.826 GC heap after
{Heap after GC invocations=7 (full 0):
 garbage-first heap   total 55296K, used 15742K [0x00000000c3000000, 0x0000000100000000)
  region size 1024K, 4 young (4096K), 4 survivors (4096K)
 Metaspace       used 22903K, committed 23232K, reserved 1114112K
  class space    used 3054K, committed 3200K, reserved 1048576K
}
Event: 7.842 GC heap before
{Heap before GC invocations=7 (full 0):
 garbage-first heap   total 55296K, used 15742K [0x00000000c3000000, 0x0000000100000000)
  region size 1024K, 5 young (5120K), 4 survivors (4096K)
 Metaspace       used 22969K, committed 23296K, reserved 1114112K
  class space    used 3062K, committed 3200K, reserved 1048576K
}
Event: 7.852 GC heap after
{Heap after GC invocations=8 (full 0):
 garbage-first heap   total 55296K, used 16472K [0x00000000c3000000, 0x0000000100000000)
  region size 1024K, 1 young (1024K), 1 survivors (1024K)
 Metaspace       used 22969K, committed 23296K, reserved 1114112K
  class space    used 3062K, committed 3200K, reserved 1048576K
}
Event: 8.287 GC heap before
{Heap before GC invocations=8 (full 0):
 garbage-first heap   total 55296K, used 39000K [0x00000000c3000000, 0x0000000100000000)
  region size 1024K, 23 young (23552K), 1 survivors (1024K)
 Metaspace       used 25096K, committed 25344K, reserved 1114112K
  class space    used 3407K, committed 3520K, reserved 1048576K
}
Event: 8.293 GC heap after
{Heap after GC invocations=9 (full 0):
 garbage-first heap   total 55296K, used 17455K [0x00000000c3000000, 0x0000000100000000)
  region size 1024K, 2 young (2048K), 2 survivors (2048K)
 Metaspace       used 25096K, committed 25344K, reserved 1114112K
  class space    used 3407K, committed 3520K, reserved 1048576K
}
Event: 8.764 GC heap before
{Heap before GC invocations=9 (full 0):
 garbage-first heap   total 55296K, used 39983K [0x00000000c3000000, 0x0000000100000000)
  region size 1024K, 24 young (24576K), 2 survivors (2048K)
 Metaspace       used 28462K, committed 28864K, reserved 1114112K
  class space    used 3925K, committed 4096K, reserved 1048576K
}

Deoptimization events (0 events):
No events

Classes unloaded (0 events):
No events

Classes redefined (0 events):
No events

Internal exceptions (20 events):
Event: 8.408 Thread 0x0000020437ec49c0 Exception <a 'java/lang/NoSuchMethodError'{0x00000000c60db310}: 'int java.lang.invoke.DirectMethodHandle$Holder.invokeStaticInit(java.lang.Object, float, float)'> (0x00000000c60db310) 
thrown [s\open\src\hotspot\share\interpreter\linkResolver.cpp, line 759]
Event: 8.408 Thread 0x0000020437ec49c0 Exception <a 'java/lang/NoSuchMethodError'{0x00000000c60e2168}: 'int java.lang.invoke.DirectMethodHandle$Holder.invokeStaticInit(java.lang.Object, double, double)'> (0x00000000c60e2168) 
thrown [s\open\src\hotspot\share\interpreter\linkResolver.cpp, line 759]
Event: 8.408 Thread 0x0000020437ec49c0 Exception <a 'java/lang/NoSuchMethodError'{0x00000000c60e6658}: 'int java.lang.invoke.DirectMethodHandle$Holder.invokeStatic(java.lang.Object, long)'> (0x00000000c60e6658) 
thrown [s\open\src\hotspot\share\interpreter\linkResolver.cpp, line 759]
Event: 8.411 Thread 0x0000020437ec49c0 Exception <a 'java/lang/NoSuchMethodError'{0x00000000c5f0b170}: 'int java.lang.invoke.DirectMethodHandle$Holder.invokeSpecial(java.lang.Object, java.lang.Object, int)'> (0x00000000c5f0b170) 
thrown [s\open\src\hotspot\share\interpreter\linkResolver.cpp, line 759]
Event: 8.412 Thread 0x0000020437ec49c0 Exception <a 'java/lang/NoSuchMethodError'{0x00000000c5f12a68}: 'int java.lang.invoke.Invokers$Holder.linkToTargetMethod(java.lang.Object, java.lang.Object)'> (0x00000000c5f12a68) 
thrown [s\open\src\hotspot\share\interpreter\linkResolver.cpp, line 759]
Event: 8.425 Thread 0x0000020437ec49c0 Exception <a 'java/lang/NoSuchMethodError'{0x00000000c5fc2688}: 'java.lang.Object java.lang.invoke.DirectMethodHandle$Holder.invokeSpecial(java.lang.Object, java.lang.Object, java.lang.Object, java.lang.Object, java.lang.Object, java.lang.Object, java.lang.Object, java.lang.Object, java.lang.Object, java.lang.Object)'> (0x00000000c5fc2688) 
thrown [s\open\src\hotspot\share\interpreter\linkResolver.cpp, line 759]
Event: 8.425 Thread 0x0000020437ec49c0 Exception <a 'java/lang/NoSuchMethodError'{0x00000000c5fc6c70}: 'java.lang.Object java.lang.invoke.Invokers$Holder.invoke_MT(java.lang.Object, java.lang.Object, java.lang.Object, java.lang.Object, java.lang.Object, java.lang.Object, java.lang.Object, java.lang.Object, java.lang.Object, java.lang.Object)'> (0x00000000c5fc6c70) 
thrown [s\open\src\hotspot\share\interpreter\linkResolver.cpp, line 759]
Event: 8.431 Thread 0x0000020437ec49c0 Exception <a 'java/lang/NoSuchMethodError'{0x00000000c5e0f740}: 'java.lang.Object java.lang.invoke.DirectMethodHandle$Holder.invokeSpecial(java.lang.Object, java.lang.Object, int, java.lang.Object, java.lang.Object)'> (0x00000000c5e0f740) 
thrown [s\open\src\hotspot\share\interpreter\linkResolver.cpp, line 759]
Event: 8.431 Thread 0x0000020437ec49c0 Exception <a 'java/lang/NoSuchMethodError'{0x00000000c5e133e8}: 'java.lang.Object java.lang.invoke.DelegatingMethodHandle$Holder.delegate(java.lang.Object, int, java.lang.Object, java.lang.Object)'> (0x00000000c5e133e8) 
thrown [s\open\src\hotspot\share\interpreter\linkResolver.cpp, line 759]
Event: 8.433 Thread 0x0000020437ec49c0 Exception <a 'java/lang/NoSuchMethodError'{0x00000000c5e24270}: 'int java.lang.invoke.Invokers$Holder.linkToTargetMethod(java.lang.Object, java.lang.Object, java.lang.Object)'> (0x00000000c5e24270) 
thrown [s\open\src\hotspot\share\interpreter\linkResolver.cpp, line 759]
Event: 8.464 Thread 0x0000020437ec49c0 Exception <a 'java/lang/NoClassDefFoundError'{0x00000000c5d5a3f0}: org/flywaydb/core/Flyway> (0x00000000c5d5a3f0) 
thrown [s\open\src\hotspot\share\classfile\systemDictionary.cpp, line 245]
Event: 8.465 Thread 0x0000020437ec49c0 Exception <a 'java/lang/NoClassDefFoundError'{0x00000000c5d5c908}: liquibase/integration/spring/SpringLiquibase> (0x00000000c5d5c908) 
thrown [s\open\src\hotspot\share\classfile\systemDictionary.cpp, line 245]
Event: 8.639 Thread 0x0000020437ec49c0 Exception <a 'java/lang/NoSuchMethodError'{0x00000000c551e6a0}: 'void java.lang.invoke.DirectMethodHandle$Holder.invokeInterface(java.lang.Object, java.lang.Object, int)'> (0x00000000c551e6a0) 
thrown [s\open\src\hotspot\share\interpreter\linkResolver.cpp, line 759]
Event: 8.643 Thread 0x0000020437ec49c0 Exception <a 'java/lang/IncompatibleClassChangeError'{0x00000000c556e528}: Found class java.lang.Object, but interface was expected> (0x00000000c556e528) 
thrown [s\open\src\hotspot\share\interpreter\linkResolver.cpp, line 826]
Event: 8.644 Thread 0x0000020437ec49c0 Exception <a 'java/lang/NoSuchMethodError'{0x00000000c5587268}: 'void java.lang.invoke.DirectMethodHandle$Holder.invokeStatic(java.lang.Object, int, java.lang.Object)'> (0x00000000c5587268) 
thrown [s\open\src\hotspot\share\interpreter\linkResolver.cpp, line 759]
Event: 8.651 Thread 0x0000020437ec49c0 Exception <a 'java/lang/NoSuchMethodError'{0x00000000c55c4310}: 'void java.lang.invoke.DirectMethodHandle$Holder.invokeVirtual(java.lang.Object, java.lang.Object, int)'> (0x00000000c55c4310) 
thrown [s\open\src\hotspot\share\interpreter\linkResolver.cpp, line 759]
Event: 8.651 Thread 0x0000020437ec49c0 Exception <a 'java/lang/NoSuchMethodError'{0x00000000c55ca558}: 'void java.lang.invoke.DirectMethodHandle$Holder.invokeStatic(java.lang.Object, java.lang.Object, java.lang.Object, int, java.lang.Object)'> (0x00000000c55ca558) 
thrown [s\open\src\hotspot\share\interpreter\linkResolver.cpp, line 759]
Event: 8.652 Thread 0x0000020437ec49c0 Exception <a 'java/lang/NoSuchMethodError'{0x00000000c55d19d8}: 'java.lang.Object java.lang.invoke.DirectMethodHandle$Holder.newInvokeSpecial(java.lang.Object, java.lang.Object, java.lang.Object, int)'> (0x00000000c55d19d8) 
thrown [s\open\src\hotspot\share\interpreter\linkResolver.cpp, line 759]
Event: 8.652 Thread 0x0000020437ec49c0 Exception <a 'java/lang/NoSuchMethodError'{0x00000000c55d5cc0}: 'java.lang.Object java.lang.invoke.DirectMethodHandle$Holder.invokeSpecial(java.lang.Object, java.lang.Object, java.lang.Object, java.lang.Object, int)'> (0x00000000c55d5cc0) 
thrown [s\open\src\hotspot\share\interpreter\linkResolver.cpp, line 759]
Event: 8.652 Thread 0x0000020437ec49c0 Exception <a 'java/lang/NoSuchMethodError'{0x00000000c55d98d8}: 'java.lang.Object java.lang.invoke.Invokers$Holder.linkToTargetMethod(java.lang.Object, java.lang.Object, int, java.lang.Object)'> (0x00000000c55d98d8) 
thrown [s\open\src\hotspot\share\interpreter\linkResolver.cpp, line 759]

VM Operations (20 events):
Event: 7.341 Executing VM operation: G1Concurrent done
Event: 7.730 Executing VM operation: HandshakeAllThreads
Event: 7.730 Executing VM operation: HandshakeAllThreads done
Event: 7.795 Executing VM operation: HandshakeAllThreads
Event: 7.795 Executing VM operation: HandshakeAllThreads done
Event: 7.817 Executing VM operation: G1CollectForAllocation
Event: 7.826 Executing VM operation: G1CollectForAllocation done
Event: 7.842 Executing VM operation: G1CollectForAllocation
Event: 7.852 Executing VM operation: G1CollectForAllocation done
Event: 8.287 Executing VM operation: G1CollectForAllocation
Event: 8.293 Executing VM operation: G1CollectForAllocation done
Event: 8.415 Executing VM operation: HandshakeAllThreads
Event: 8.415 Executing VM operation: HandshakeAllThreads done
Event: 8.497 Executing VM operation: HandshakeAllThreads
Event: 8.497 Executing VM operation: HandshakeAllThreads done
Event: 8.629 Executing VM operation: HandshakeAllThreads
Event: 8.629 Executing VM operation: HandshakeAllThreads done
Event: 8.706 Executing VM operation: HandshakeAllThreads
Event: 8.706 Executing VM operation: HandshakeAllThreads done
Event: 8.764 Executing VM operation: G1CollectForAllocation

Events (20 events):
Event: 8.746 loading class java/security/cert/CertificateException done
Event: 8.746 loading class java/security/cert/CertificateEncodingException done
Event: 8.746 loading class java/security/NoSuchAlgorithmException
Event: 8.747 loading class java/security/NoSuchAlgorithmException done
Event: 8.755 loading class javax/management/modelmbean/ModelMBeanNotificationBroadcaster
Event: 8.756 loading class javax/management/modelmbean/ModelMBeanNotificationBroadcaster done
Event: 8.756 loading class javax/management/RuntimeErrorException
Event: 8.756 loading class javax/management/RuntimeErrorException done
Event: 8.759 loading class java/net/SocketTimeoutException
Event: 8.760 loading class java/io/InterruptedIOException
Event: 8.760 loading class java/io/InterruptedIOException done
Event: 8.760 loading class java/net/SocketTimeoutException done
Event: 8.760 loading class java/beans/PropertyChangeSupport
Event: 8.761 loading class java/beans/PropertyChangeSupport done
Event: 8.761 loading class java/beans/PropertyChangeSupport$PropertyChangeListenerMap
Event: 8.761 loading class java/beans/ChangeListenerMap
Event: 8.761 loading class java/beans/ChangeListenerMap done
Event: 8.761 loading class java/beans/PropertyChangeSupport$PropertyChangeListenerMap done
Event: 8.761 loading class java/beans/PropertyChangeListener
Event: 8.762 loading class java/beans/PropertyChangeListener done


Dynamic libraries:
0x00007ff774840000 - 0x00007ff774850000 	C:\Program Files\Java\jdk-17\bin\java.exe
0x00007ff88b490000 - 0x00007ff88b6a7000 	C:\WINDOWS\SYSTEM32\ntdll.dll
0x00007ff889da0000 - 0x00007ff889e64000 	C:\WINDOWS\System32\KERNEL32.DLL
0x00007ff888b20000 - 0x00007ff888ecd000 	C:\WINDOWS\System32\KERNELBASE.dll
0x00007ff888ed0000 - 0x00007ff888fe1000 	C:\WINDOWS\System32\ucrtbase.dll
0x00007ff881120000 - 0x00007ff881139000 	C:\Program Files\Java\jdk-17\bin\jli.dll
0x00007ff881520000 - 0x00007ff88153b000 	C:\Program Files\Java\jdk-17\bin\VCRUNTIME140.dll
0x00007ff889e70000 - 0x00007ff889f22000 	C:\WINDOWS\System32\ADVAPI32.dll
0x00007ff88b390000 - 0x00007ff88b437000 	C:\WINDOWS\System32\msvcrt.dll
0x00007ff88a230000 - 0x00007ff88a2d9000 	C:\WINDOWS\System32\sechost.dll
0x00007ff888af0000 - 0x00007ff888b18000 	C:\WINDOWS\System32\bcrypt.dll
0x00007ff88a2e0000 - 0x00007ff88a3f4000 	C:\WINDOWS\System32\RPCRT4.dll
0x00007ff88a400000 - 0x00007ff88a5ae000 	C:\WINDOWS\System32\USER32.dll
0x00007ff8887c0000 - 0x00007ff8887e6000 	C:\WINDOWS\System32\win32u.dll
0x00007ff889d20000 - 0x00007ff889d49000 	C:\WINDOWS\System32\GDI32.dll
0x00007ff8776f0000 - 0x00007ff877983000 	C:\WINDOWS\WinSxS\amd64_microsoft.windows.common-controls_6595b64144ccf1df_6.0.22621.3672_none_2713b9d173822955\COMCTL32.dll
0x00007ff8889d0000 - 0x00007ff888ae9000 	C:\WINDOWS\System32\gdi32full.dll
0x00007ff888930000 - 0x00007ff8889ca000 	C:\WINDOWS\System32\msvcp_win.dll
0x00007ff880d60000 - 0x00007ff880d6a000 	C:\WINDOWS\SYSTEM32\VERSION.dll
0x00007ff889bf0000 - 0x00007ff889c21000 	C:\WINDOWS\System32\IMM32.DLL
0x00007ff8844a0000 - 0x00007ff8844ac000 	C:\Program Files\Java\jdk-17\bin\vcruntime140_1.dll
0x00007ff871ed0000 - 0x00007ff871f5e000 	C:\Program Files\Java\jdk-17\bin\msvcp140.dll
0x00007ff8423e0000 - 0x00007ff842fc0000 	C:\Program Files\Java\jdk-17\bin\server\jvm.dll
0x00007ff88b440000 - 0x00007ff88b448000 	C:\WINDOWS\System32\PSAPI.DLL
0x00007ff881770000 - 0x00007ff8817a4000 	C:\WINDOWS\SYSTEM32\WINMM.dll
0x00007ff8686f0000 - 0x00007ff8686f9000 	C:\WINDOWS\SYSTEM32\WSOCK32.dll
0x00007ff88a0b0000 - 0x00007ff88a121000 	C:\WINDOWS\System32\ws2_32.DLL
0x00007ff8877b0000 - 0x00007ff8877c8000 	C:\WINDOWS\SYSTEM32\kernel.appcore.dll
0x00007ff883920000 - 0x00007ff88392a000 	C:\Program Files\Java\jdk-17\bin\jimage.dll
0x00007ff885fe0000 - 0x00007ff886212000 	C:\WINDOWS\SYSTEM32\DBGHELP.DLL
0x00007ff889860000 - 0x00007ff889be8000 	C:\WINDOWS\System32\combase.dll
0x00007ff889780000 - 0x00007ff889857000 	C:\WINDOWS\System32\OLEAUT32.dll
0x00007ff879200000 - 0x00007ff879232000 	C:\WINDOWS\SYSTEM32\dbgcore.DLL
0x00007ff8888b0000 - 0x00007ff88892b000 	C:\WINDOWS\System32\bcryptPrimitives.dll
0x00007ff881ce0000 - 0x00007ff881cee000 	C:\Program Files\Java\jdk-17\bin\instrument.dll
0x00007ff87e9d0000 - 0x00007ff87e9f5000 	C:\Program Files\Java\jdk-17\bin\java.dll
0x00007ff86fb50000 - 0x00007ff86fc27000 	C:\Program Files\Java\jdk-17\bin\jsvml.dll
0x00007ff88ab30000 - 0x00007ff88b38f000 	C:\WINDOWS\System32\SHELL32.dll
0x00007ff8866c0000 - 0x00007ff886fbc000 	C:\WINDOWS\SYSTEM32\windows.storage.dll
0x00007ff886580000 - 0x00007ff8866bf000 	C:\WINDOWS\SYSTEM32\wintypes.dll
0x00007ff88a5c0000 - 0x00007ff88a6b4000 	C:\WINDOWS\System32\SHCORE.dll
0x00007ff889c30000 - 0x00007ff889c8e000 	C:\WINDOWS\System32\shlwapi.dll
0x00007ff8886f0000 - 0x00007ff888711000 	C:\WINDOWS\SYSTEM32\profapi.dll
0x00007ff878500000 - 0x00007ff878518000 	C:\Program Files\Java\jdk-17\bin\zip.dll
0x00007ff881570000 - 0x00007ff881589000 	C:\Program Files\Java\jdk-17\bin\net.dll
0x00007ff8813c0000 - 0x00007ff8814f6000 	C:\WINDOWS\SYSTEM32\WINHTTP.dll
0x00007ff887c10000 - 0x00007ff887c79000 	C:\WINDOWS\system32\mswsock.dll
0x00007ff878520000 - 0x00007ff878536000 	C:\Program Files\Java\jdk-17\bin\nio.dll
0x00007ff878360000 - 0x00007ff87837a000 	C:\Program Files\JetBrains\IntelliJ IDEA 2024.1.4\bin\breakgen64.dll
0x00007ff887290000 - 0x00007ff887388000 	C:\WINDOWS\SYSTEM32\DNSAPI.dll
0x00007ff887220000 - 0x00007ff88724d000 	C:\WINDOWS\SYSTEM32\IPHLPAPI.DLL
0x00007ff88a5b0000 - 0x00007ff88a5b9000 	C:\WINDOWS\System32\NSI.dll
0x00007ff877c20000 - 0x00007ff877c2a000 	C:\Windows\System32\rasadhlp.dll
0x00007ff87f790000 - 0x00007ff87f813000 	C:\WINDOWS\System32\fwpuclnt.dll
0x00007ff881830000 - 0x00007ff88183a000 	C:\Program Files\Java\jdk-17\bin\management.dll
0x00007ff881110000 - 0x00007ff88111b000 	C:\Program Files\Java\jdk-17\bin\management_ext.dll
0x00007ff887f60000 - 0x00007ff887f7b000 	C:\WINDOWS\SYSTEM32\CRYPTSP.dll
0x00007ff887710000 - 0x00007ff887745000 	C:\WINDOWS\system32\rsaenh.dll
0x00007ff887cb0000 - 0x00007ff887cd8000 	C:\WINDOWS\SYSTEM32\USERENV.dll
0x00007ff887f40000 - 0x00007ff887f4c000 	C:\WINDOWS\SYSTEM32\CRYPTBASE.dll
0x00007ff8816d0000 - 0x00007ff8816e9000 	C:\WINDOWS\SYSTEM32\dhcpcsvc6.DLL
0x00007ff881360000 - 0x00007ff88137f000 	C:\WINDOWS\SYSTEM32\dhcpcsvc.DLL
0x00007ff877e50000 - 0x00007ff877e67000 	C:\WINDOWS\system32\napinsp.dll
0x00007ff877e30000 - 0x00007ff877e4b000 	C:\WINDOWS\system32\pnrpnsp.dll
0x00007ff877e10000 - 0x00007ff877e21000 	C:\WINDOWS\System32\winrnr.dll
0x00007ff87fa20000 - 0x00007ff87fa35000 	C:\WINDOWS\system32\wshbth.dll
0x00007ff839bf0000 - 0x00007ff839c17000 	C:\WINDOWS\system32\nlansp_c.dll

dbghelp: loaded successfully - version: 4.0.5 - missing functions: none
symbol engine: initialized successfully - sym options: 0x614 - pdb path: .;C:\Program Files\Java\jdk-17\bin;C:\WINDOWS\SYSTEM32;C:\WINDOWS\WinSxS\amd64_microsoft.windows.common-controls_6595b64144ccf1df_6.0.22621.3672_none_2713b9d173822955;C:\Program Files\Java\jdk-17\bin\server;C:\Program Files\JetBrains\IntelliJ IDEA 2024.1.4\bin

VM Arguments:
jvm_args: -XX:TieredStopAtLevel=1 -Dspring.output.ansi.enabled=always -Dcom.sun.management.jmxremote -Dspring.jmx.enabled=true -Dspring.liveBeansView.mbeanDomain -Dspring.application.admin.enabled=true -Dmanagement.endpoints.jmx.exposure.include=* -javaagent:C:\Program Files\JetBrains\IntelliJ IDEA 2024.1.4\lib\idea_rt.jar=51914:C:\Program Files\JetBrains\IntelliJ IDEA 2024.1.4\bin -Dfile.encoding=UTF-8 
java_command: pl.adrianpacholak.eurekaserver.EurekaServerApplication
java_class_path (initial): C:\Users\Admin\IdeaProjects\microservices-school-master\eureka-server\target\classes;C:\Users\Admin\.m2\repository\org\springframework\cloud\spring-cloud-starter-config\4.0.4\spring-cloud-starter-config-4.0.4.jar;C:\Users\Admin\.m2\repository\org\springframework\cloud\spring-cloud-starter\4.0.4\spring-cloud-starter-4.0.4.jar;C:\Users\Admin\.m2\repository\org\springframework\cloud\spring-cloud-context\4.0.4\spring-cloud-context-4.0.4.jar;C:\Users\Admin\.m2\repository\org\springframework\security\spring-security-crypto\6.1.3\spring-security-crypto-6.1.3.jar;C:\Users\Admin\.m2\repository\org\springframework\cloud\spring-cloud-commons\4.0.4\spring-cloud-commons-4.0.4.jar;C:\Users\Admin\.m2\repository\org\springframework\security\spring-security-rsa\1.0.12.RELEASE\spring-security-rsa-1.0.12.RELEASE.jar;C:\Users\Admin\.m2\repository\org\bouncycastle\bcpkix-jdk18on\1.73\bcpkix-jdk18on-1.73.jar;C:\Users\Admin\.m2\repository\org\bouncycastle\bcprov-jdk18on\1.73\bcprov-jdk18on-1.73.jar;C:\Users\Admin\.m2\repository\org\bouncycastle\bcutil-jdk18on\1.73\bcutil-jdk18on-1.73.jar;C:\Users\Admin\.m2\repository\org\springframework\cloud\spring-cloud-config-client\4.0.4\spring-cloud-config-client-4.0.4.jar;C:\Users\Admin\.m2\repository\org\springframework\boot\spring-boot-autoconfigure\3.1.3\spring-boot-autoconfigure-3.1.3.jar;C:\Users\Admin\.m2\repository\org\springframework\spring-web\6.0.11\spring-web-6.0.11.jar;C:\Users\Admin\.m2\repository\org\springframework\spring-beans\6.0.11\spring-beans-6.0.11.jar;C:\Users\Admin\.m2\repository\io\micrometer\micrometer-observation\1.11.3\micrometer-observation-1.11.3.jar;C:\Users\Admin\.m2\repository\io\micrometer\micrometer-commons\1.11.3\micrometer-commons-1.11.3.jar;C:\Users\Admin\.m2\repository\com\fasterxml\jackson\core\jackson-annotations\2.15.2\jackson-annotations-2.15.2.jar;C:\Users\Admin\.m2\repository\org\apache\httpcomponents\client5\httpclient5\5.2.1\httpclient5-5.2.1.jar;C:\Users\Admin\.m2\repository
Launcher Type: SUN_STANDARD

[Global flags]
     intx CICompilerCount                          = 3                                         {product} {ergonomic}
     uint ConcGCThreads                            = 1                                         {product} {ergonomic}
     uint G1ConcRefinementThreads                  = 4                                         {product} {ergonomic}
   size_t G1HeapRegionSize                         = 1048576                                   {product} {ergonomic}
    uintx GCDrainStackTargetSize                   = 64                                        {product} {ergonomic}
   size_t InitialHeapSize                          = 65011712                                  {product} {ergonomic}
     bool ManagementServer                         = true                                      {product} {command line}
   size_t MarkStackSize                            = 4194304                                   {product} {ergonomic}
   size_t MaxHeapSize                              = 1023410176                                {product} {ergonomic}
   size_t MaxNewSize                               = 613416960                                 {product} {ergonomic}
   size_t MinHeapDeltaBytes                        = 1048576                                   {product} {ergonomic}
   size_t MinHeapSize                              = 8388608                                   {product} {ergonomic}
    uintx NonProfiledCodeHeapSize                  = 0                                      {pd product} {ergonomic}
     bool ProfileInterpreter                       = false                                  {pd product} {command line}
    uintx ProfiledCodeHeapSize                     = 0                                      {pd product} {ergonomic}
   size_t SoftMaxHeapSize                          = 1023410176                             {manageable} {ergonomic}
     intx TieredStopAtLevel                        = 1                                         {product} {command line}
     bool UseCompressedClassPointers               = true                           {product lp64_product} {ergonomic}
     bool UseCompressedOops                        = true                           {product lp64_product} {ergonomic}
     bool UseG1GC                                  = true                                      {product} {ergonomic}
     bool UseLargePagesIndividualAllocation        = false                                  {pd product} {ergonomic}

Logging:
Log output configuration:
 #0: stdout all=warning uptime,level,tags
 #1: stderr all=off uptime,level,tags

Environment Variables:
JAVA_HOME=C:\Program Files\Java\jdk-17
PATH=C:\Program Files\Common Files\Oracle\Java\javapath;C:\WINDOWS\system32;C:\WINDOWS;C:\WINDOWS\System32\Wbem;C:\WINDOWS\System32\WindowsPowerShell\v1.0\;C:\WINDOWS\System32\OpenSSH\;C:\MinGW\bin;C:\Program Files\dotnet\;C:\Program Files\Docker\Docker\resources\bin;C:\Program Files\MySQL\MySQL Shell 8.0\bin\;C:\Users\Admin\AppData\Local\Programs\Python\Python39\Scripts\;C:\Users\Admin\AppData\Local\Programs\Python\Python39\;C:\Users\Admin\AppData\Local\Microsoft\WindowsApps;C:\Users\Admin\AppData\Local\Programs\Microsoft VS Code\bin;C:\Program Files\Java\jdk-17\bin;C:\Program Files\Git\bin;C:\Users\Admin\apache-maven-3.9.8\bin;
USERNAME=Admin
OS=Windows_NT
PROCESSOR_IDENTIFIER=Intel64 Family 6 Model 142 Stepping 12, GenuineIntel



---------------  S Y S T E M  ---------------

OS:
 Windows 11 , 64 bit Build 22621 (10.0.22621.3672)
OS uptime: 3 days 3:19 hours
Hyper-V role detected

CPU: total 4 (initial active 4) (2 cores per cpu, 2 threads per core) family 6 model 142 stepping 12 microcode 0xde, cx8, cmov, fxsr, ht, mmx, 3dnowpref, sse, sse2, sse3, ssse3, sse4.1, sse4.2, popcnt, lzcnt, tsc, tscinvbit, avx, avx2, aes, erms, clmul, bmi1, bmi2, adx, fma, vzeroupper, clflush, clflushopt, hv

Memory: 4k page, system-wide physical 3903M (448M free)
TotalPageFile size 15679M (AvailPageFile size 47M)
current process WorkingSet (physical memory assigned to process): 139M, peak: 139M
current process commit charge ("private bytes"): 182M, peak: 228M

vm_info: Java HotSpot(TM) 64-Bit Server VM (17.0.12+8-LTS-286) for windows-amd64 JRE (17.0.12+8-LTS-286), built on Jun  5 2024 06:46:59 by "mach5one" with MS VC++ 17.6 (VS2022)

END.
